<<<<<<< HEAD
<<<<<<< HEAD
/*C6*/SET SCHEMA PUBLIC
=======
/*C367*/SET SCHEMA PUBLIC
DISCONNECT
/*C368*/SET SCHEMA PUBLIC
DISCONNECT
/*C369*/SET SCHEMA PUBLIC
>>>>>>> branch 'master' of https://github.com/Fireruner/IPSL4-4
DISCONNECT
/*C370*/SET SCHEMA PUBLIC
DISCONNECT
<<<<<<< HEAD
/*C8*/SET SCHEMA PUBLIC
=======
/*C371*/SET SCHEMA PUBLIC
DISCONNECT
/*C375*/SET SCHEMA PUBLIC
DISCONNECT
/*C377*/SET SCHEMA PUBLIC
DISCONNECT
/*C378*/SET SCHEMA PUBLIC
DISCONNECT
/*C379*/SET SCHEMA PUBLIC
DISCONNECT
/*C380*/SET SCHEMA PUBLIC
DISCONNECT
/*C381*/SET SCHEMA PUBLIC
DISCONNECT
/*C382*/SET SCHEMA PUBLIC
DISCONNECT
/*C374*/SET SCHEMA PUBLIC
DISCONNECT
/*C373*/SET SCHEMA PUBLIC
DISCONNECT
/*C372*/SET SCHEMA PUBLIC
>>>>>>> branch 'master' of https://github.com/Fireruner/IPSL4-4
DISCONNECT
<<<<<<< HEAD
/*C9*/SET SCHEMA PUBLIC
DISCONNECT
/*C10*/SET SCHEMA PUBLIC
=======
/*C376*/SET SCHEMA PUBLIC
>>>>>>> branch 'master' of https://github.com/Fireruner/IPSL4-4
DISCONNECT
<<<<<<< HEAD
/*C11*/SET SCHEMA PUBLIC
DISCONNECT
/*C12*/SET SCHEMA PUBLIC
=======
/*C383*/SET SCHEMA PUBLIC
>>>>>>> branch 'master' of https://github.com/Fireruner/IPSL4-4
DISCONNECT
<<<<<<< HEAD
/*C13*/SET SCHEMA PUBLIC
=======
/*C384*/SET SCHEMA PUBLIC
>>>>>>> branch 'master' of https://github.com/Fireruner/IPSL4-4
DISCONNECT
<<<<<<< HEAD
/*C14*/SET SCHEMA PUBLIC
=======
/*C386*/SET SCHEMA PUBLIC
DELETE FROM ATLETA WHERE DNI='45361345R' AND FK_CARRERA='Iron Man'
INSERT INTO ATLETA VALUES('45361345R','Pepa','Garcia Rodriguez','femenino','1983-08-24','Iron Man','2017-10-22','pagado','13',NULL)
=======
/*C7*/SET SCHEMA PUBLIC
drop table atleta\u000a\u000a
drop table carrera
Create table Carrera\u000a(\u000a\u0009nombre varchar(20) not null,\u000a\u0009constraint pk_nombre primary key (nombre)\u000a)\u000a\u000a\u000a
Create table Atleta\u000a(\u000a\u0009DNI varchar(9) not null,\u000a\u0009Nombre varchar(50) not null,\u000a\u0009Apellidos varchar(100),\u000a\u0009sexo varchar(20) not null,\u000a\u0009fecha_nacimiento date not null,\u000a\u0009fk_carrera varchar(20) not null,\u000a\u0009fecha_inscripcion date not null,\u000a\u0009estado varchar(20) not null,\u000a\u0009dorsal varchar(20),\u000a\u0009tiempo varchar(10),\u000a\u0009constraint pk_atleta primary key (DNI, fk_carrera),\u000a\u0009constraint fk_carrera foreign key (fk_carrera) references carrera (nombre),\u000a\u0009constraint ck_sexo check (sexo in('masculino', 'femenino')),\u000a\u0009constraint ck_estado check (estado in('inscrito', 'pagado'))\u000a)
INSERT INTO CARRERA VALUES('Sanita Marca Running')
>>>>>>> branch 'master' of https://github.com/Fireruner/IPSL4-4
COMMIT
INSERT INTO CARRERA VALUES('San Silvestre')
COMMIT
INSERT INTO CARRERA VALUES('Iron Man')
COMMIT
INSERT INTO CARRERA VALUES('Viesgo Night Race')
COMMIT
INSERT INTO CARRERA VALUES('Media Marat\u00f3n Avil\u00e9s')
COMMIT
INSERT INTO ATLETA VALUES('71736779D','Daniel','Fuego San Francisco','masculino','1997-03-05','Viesgo Night Race','2017-10-23','inscrito',NULL,NULL)
COMMIT
INSERT INTO ATLETA VALUES('32513564A','Jos\u00e9','Mart\u00ednez P\u00e9rez','masculino','1979-08-22','San Silvestre','2017-10-17','inscrito',NULL,NULL)
COMMIT
INSERT INTO ATLETA VALUES('72452614W','Carmen','Sirgo','femenino','1999-06-16','Viesgo Night Race','2017-10-16','inscrito',NULL,NULL)
COMMIT
INSERT INTO ATLETA VALUES('45361345R','Pepa','Garcia Rodriguez','femenino','1983-08-24','Iron Man','2017-10-22','inscrito',NULL,NULL)
COMMIT
INSERT INTO ATLETA VALUES('75896485G','Manuel','Moscarda G\u00f3mez','masculino','1977-06-03','San Silvestre','2017-10-21','inscrito',NULL,NULL)
COMMIT
INSERT INTO ATLETA VALUES('32525678T','Tom\u00e1s','Gutierrez Alonso','masculino','1977-02-01','Iron Man','2017-10-23','inscrito',NULL,NULL)
COMMIT
INSERT INTO ATLETA VALUES('59475698G','\u00c1lvaro','Fernandez Alonso','masculino','1987-06-15','Iron Man','2017-10-21','inscrito',NULL,NULL)
COMMIT
INSERT INTO ATLETA VALUES('74685245P','Alejandro','Barrera S\u00e1nchez','masculino','1997-12-06','Viesgo Night Race','2017-10-15','inscrito',NULL,NULL)
COMMIT
INSERT INTO ATLETA VALUES('58469254K','Alfredo','Acevedo Monta\u00f1a','masculino','1992-11-25','San Silvestre','2017-10-15','inscrito',NULL,NULL)
COMMIT
INSERT INTO ATLETA VALUES('65324789G','Montserrat','Campuzano Perales','femenino','1947-12-30','Sanita Marca Running','2017-10-23','inscrito',NULL,NULL)
COMMIT
INSERT INTO ATLETA VALUES('21458547H','Juana','Oreg\u00f3n Montes','femenino','1997-02-19','San Silvestre','2017-10-21','inscrito',NULL,NULL)
COMMIT
INSERT INTO ATLETA VALUES('74585214D','Eduardo','Belenguer Lasa','masculino','1983-07-23','Sanita Marca Running','2017-10-22','inscrito',NULL,NULL)
COMMIT
INSERT INTO ATLETA VALUES('65893256L','Josefina','Trujillo Pardo','femenino','1998-03-21','Sanita Marca Running','2017-10-23','inscrito',NULL,NULL)
COMMIT
INSERT INTO ATLETA VALUES('54783256A','Milagros','Verde Nu\u00f1o','femenino','1981-06-21','Viesgo Night Race','2017-10-22','inscrito',NULL,NULL)
COMMIT
INSERT INTO ATLETA VALUES('87651234N','F\u00e9lix','Ortiz Ezquerro','masculino','1982-10-30','Iron Man','2017-10-15','inscrito',NULL,NULL)
COMMIT
INSERT INTO ATLETA VALUES('45612321S','Eva Maria','Hortelano Andr\u00e9s','femenino','1986-06-21','Iron Man','2017-10-23','inscrito',NULL,NULL)
COMMIT
INSERT INTO ATLETA VALUES('78659856X','Ramon','Cardoso Azorin','masculino','1967-09-12','Sanita Marca Running','2017-10-22','inscrito',NULL,NULL)
COMMIT
INSERT INTO ATLETA VALUES('87412369G','Lidia','Enrique Llabres','femenino','1989-07-30','Sanita Marca Running','2017-10-23','inscrito',NULL,NULL)
COMMIT
INSERT INTO ATLETA VALUES('74563218V','Ritchie','Espino Bataller','masculino','1997-08-07','Iron Man','2017-10-23','inscrito',NULL,NULL)
COMMIT
/*C8*/SET SCHEMA PUBLIC
DISCONNECT
<<<<<<< HEAD
/*C513*/SET SCHEMA PUBLIC
>>>>>>> branch 'master' of https://github.com/Fireruner/IPSL4-4
=======
/*C9*/SET SCHEMA PUBLIC
>>>>>>> branch 'master' of https://github.com/Fireruner/IPSL4-4
DISCONNECT
/*C10*/SET SCHEMA PUBLIC
DISCONNECT
/*C11*/SET SCHEMA PUBLIC
DISCONNECT
/*C13*/SET SCHEMA PUBLIC
DISCONNECT
/*C14*/SET SCHEMA PUBLIC
DISCONNECT
/*C15*/SET SCHEMA PUBLIC
DISCONNECT
/*C12*/SET SCHEMA PUBLIC
DISCONNECT
